2022-02-03 09:21:33 Warning: Warning (2): Invalid argument supplied for foreach() in [D:\htdocs\current\layredvastu.com\src\Template\Element\header.ctp, line 67]
Request URL: /SubmitPopupForm/
Client IP: 192.168.0.129
Trace:
Cake\Error\BaseErrorHandler::handleError() - CORE\src\Error\BaseErrorHandler.php, line 168
include - APP/Template\Element\header.ctp, line 67
Cake\View\View::_evaluate() - CORE\src\View\View.php, line 1435
Cake\View\View::_render() - CORE\src\View\View.php, line 1393
Cake\View\View::_renderElement() - CORE\src\View\View.php, line 1879
Cake\View\View::element() - CORE\src\View\View.php, line 783
include - APP/Template\Layout\my_error.ctp, line 11
Cake\View\View::_evaluate() - CORE\src\View\View.php, line 1435
Cake\View\View::_render() - CORE\src\View\View.php, line 1393
Cake\View\View::renderLayout() - CORE\src\View\View.php, line 939
Cake\View\View::render() - CORE\src\View\View.php, line 897
Cake\Controller\Controller::render() - CORE\src\Controller\Controller.php, line 791
Cake\Error\ExceptionRenderer::_outputMessage() - CORE\src\Error\ExceptionRenderer.php, line 369
Cake\Error\ExceptionRenderer::render() - CORE\src\Error\ExceptionRenderer.php, line 243
Cake\Error\ErrorHandler::_displayException() - CORE\src\Error\ErrorHandler.php, line 137
Cake\Error\BaseErrorHandler::handleException() - CORE\src\Error\BaseErrorHandler.php, line 202
Cake\Error\BaseErrorHandler::wrapAndHandleException() - CORE\src\Error\BaseErrorHandler.php, line 186
[main] - [internal], line ??



2022-02-03 09:21:33 Warning: Warning (2): Invalid argument supplied for foreach() in [D:\htdocs\current\layredvastu.com\src\Template\Element\footer.ctp, line 13]
Request URL: /SubmitPopupForm/
Client IP: 192.168.0.129
Trace:
Cake\Error\BaseErrorHandler::handleError() - CORE\src\Error\BaseErrorHandler.php, line 168
include - APP/Template\Element\footer.ctp, line 13
Cake\View\View::_evaluate() - CORE\src\View\View.php, line 1435
Cake\View\View::_render() - CORE\src\View\View.php, line 1393
Cake\View\View::_renderElement() - CORE\src\View\View.php, line 1879
Cake\View\View::element() - CORE\src\View\View.php, line 783
include - APP/Template\Layout\my_error.ctp, line 29
Cake\View\View::_evaluate() - CORE\src\View\View.php, line 1435
Cake\View\View::_render() - CORE\src\View\View.php, line 1393
Cake\View\View::renderLayout() - CORE\src\View\View.php, line 939
Cake\View\View::render() - CORE\src\View\View.php, line 897
Cake\Controller\Controller::render() - CORE\src\Controller\Controller.php, line 791
Cake\Error\ExceptionRenderer::_outputMessage() - CORE\src\Error\ExceptionRenderer.php, line 369
Cake\Error\ExceptionRenderer::render() - CORE\src\Error\ExceptionRenderer.php, line 243
Cake\Error\ErrorHandler::_displayException() - CORE\src\Error\ErrorHandler.php, line 137
Cake\Error\BaseErrorHandler::handleException() - CORE\src\Error\BaseErrorHandler.php, line 202
Cake\Error\BaseErrorHandler::wrapAndHandleException() - CORE\src\Error\BaseErrorHandler.php, line 186
[main] - [internal], line ??



2022-02-03 09:21:33 Warning: Warning (2): Invalid argument supplied for foreach() in [D:\htdocs\current\layredvastu.com\src\Template\Element\footer.ctp, line 27]
Request URL: /SubmitPopupForm/
Client IP: 192.168.0.129
Trace:
Cake\Error\BaseErrorHandler::handleError() - CORE\src\Error\BaseErrorHandler.php, line 168
include - APP/Template\Element\footer.ctp, line 27
Cake\View\View::_evaluate() - CORE\src\View\View.php, line 1435
Cake\View\View::_render() - CORE\src\View\View.php, line 1393
Cake\View\View::_renderElement() - CORE\src\View\View.php, line 1879
Cake\View\View::element() - CORE\src\View\View.php, line 783
include - APP/Template\Layout\my_error.ctp, line 29
Cake\View\View::_evaluate() - CORE\src\View\View.php, line 1435
Cake\View\View::_render() - CORE\src\View\View.php, line 1393
Cake\View\View::renderLayout() - CORE\src\View\View.php, line 939
Cake\View\View::render() - CORE\src\View\View.php, line 897
Cake\Controller\Controller::render() - CORE\src\Controller\Controller.php, line 791
Cake\Error\ExceptionRenderer::_outputMessage() - CORE\src\Error\ExceptionRenderer.php, line 369
Cake\Error\ExceptionRenderer::render() - CORE\src\Error\ExceptionRenderer.php, line 243
Cake\Error\ErrorHandler::_displayException() - CORE\src\Error\ErrorHandler.php, line 137
Cake\Error\BaseErrorHandler::handleException() - CORE\src\Error\BaseErrorHandler.php, line 202
Cake\Error\BaseErrorHandler::wrapAndHandleException() - CORE\src\Error\BaseErrorHandler.php, line 186
[main] - [internal], line ??



2022-02-03 09:21:33 Error: [Cake\View\Exception\MissingTemplateException] Template file "Pages\submit_popup_form.ctp" is missing. in D:\htdocs\current\layredvastu.com\vendor\cakephp\cakephp\src\View\View.php on line 1605
Stack Trace:
#0 D:\htdocs\current\layredvastu.com\vendor\cakephp\cakephp\src\View\View.php(888): Cake\View\View->_getViewFileName('Pages\\submit_po...')
#1 D:\htdocs\current\layredvastu.com\vendor\cakephp\cakephp\src\Controller\Controller.php(791): Cake\View\View->render(NULL, NULL)
#2 D:\htdocs\current\layredvastu.com\vendor\cakephp\cakephp\src\Http\ActionDispatcher.php(126): Cake\Controller\Controller->render()
#3 D:\htdocs\current\layredvastu.com\vendor\cakephp\cakephp\src\Http\ActionDispatcher.php(94): Cake\Http\ActionDispatcher->_invoke(Object(App\Controller\PagesController))
#4 D:\htdocs\current\layredvastu.com\vendor\cakephp\cakephp\src\Routing\Dispatcher.php(66): Cake\Http\ActionDispatcher->dispatch(Object(Cake\Http\ServerRequest), Object(Cake\Http\Response))
#5 D:\htdocs\current\layredvastu.com\webroot\index.php(36): Cake\Routing\Dispatcher->dispatch(Object(Cake\Http\ServerRequest), Object(Cake\Http\Response))
#6 {main}


Request URL: /SubmitPopupForm/
Client IP: 192.168.0.129
